

Started GET "/" for 127.0.0.1 at 2013-10-01 22:24:37 +0200
Processing by WelcomeController#index as HTML
  Rendered welcome/index.html.erb within layouts/application (1.2ms)
Completed 200 OK in 464ms (Views: 446.4ms | ActiveRecord: 0.0ms)


Started GET "/assets/application.css?body=1" for 127.0.0.1 at 2013-10-01 22:24:37 +0200


Started GET "/assets/welcome.js?body=1" for 127.0.0.1 at 2013-10-01 22:24:37 +0200


Started GET "/assets/welcome.css?body=1" for 127.0.0.1 at 2013-10-01 22:24:37 +0200


Started GET "/assets/jquery_ujs.js?body=1" for 127.0.0.1 at 2013-10-01 22:24:37 +0200


Started GET "/assets/jquery.js?body=1" for 127.0.0.1 at 2013-10-01 22:24:37 +0200


Started GET "/assets/turbolinks.js?body=1" for 127.0.0.1 at 2013-10-01 22:24:37 +0200


Started GET "/assets/application.js?body=1" for 127.0.0.1 at 2013-10-01 22:24:37 +0200
  [1m[36m (140.4ms)[0m  [1mCREATE TABLE "schema_migrations" ("version" varchar(255) NOT NULL) [0m
  [1m[35m (123.0ms)[0m  CREATE UNIQUE INDEX "unique_schema_migrations" ON "schema_migrations" ("version")
  [1m[36mActiveRecord::SchemaMigration Load (0.2ms)[0m  [1mSELECT "schema_migrations".* FROM "schema_migrations"[0m
Migrating to CreateProfils (20131001203502)
  [1m[36mActiveRecord::SchemaMigration Load (0.1ms)[0m  [1mSELECT "schema_migrations".* FROM "schema_migrations"[0m
Migrating to CreateProfils (20131001203502)
  [1m[35m (0.1ms)[0m  begin transaction
  [1m[36m (0.5ms)[0m  [1mCREATE TABLE "profils" ("id" INTEGER PRIMARY KEY AUTOINCREMENT NOT NULL, "nom" varchar(255), "body" text, "created_at" datetime, "updated_at" datetime) [0m
  [1m[35mSQL (0.4ms)[0m  INSERT INTO "schema_migrations" ("version") VALUES (?)  [["version", "20131001203502"]]
  [1m[36m (152.9ms)[0m  [1mcommit transaction[0m
  [1m[35mActiveRecord::SchemaMigration Load (0.1ms)[0m  SELECT "schema_migrations".* FROM "schema_migrations"
  [1m[36m (0.2ms)[0m  [1mbegin transaction[0m
  [1m[35mSQL (72.4ms)[0m  INSERT INTO "profils" ("body", "created_at", "nom", "updated_at") VALUES (?, ?, ?, ?)  [["body", "j aime le ciné et la guitare"], ["created_at", Tue, 01 Oct 2013 20:44:49 UTC +00:00], ["nom", "david"], ["updated_at", Tue, 01 Oct 2013 20:44:49 UTC +00:00]]
  [1m[36m (137.9ms)[0m  [1mcommit transaction[0m


Started GET "/profils/" for 127.0.0.1 at 2013-10-01 22:45:22 +0200
  [1m[36mActiveRecord::SchemaMigration Load (0.1ms)[0m  [1mSELECT "schema_migrations".* FROM "schema_migrations"[0m

ActionController::RoutingError (No route matches [GET] "/profils"):
  actionpack (4.0.0) lib/action_dispatch/middleware/debug_exceptions.rb:21:in `call'
  actionpack (4.0.0) lib/action_dispatch/middleware/show_exceptions.rb:30:in `call'
  railties (4.0.0) lib/rails/rack/logger.rb:38:in `call_app'
  railties (4.0.0) lib/rails/rack/logger.rb:21:in `block in call'
  activesupport (4.0.0) lib/active_support/tagged_logging.rb:67:in `block in tagged'
  activesupport (4.0.0) lib/active_support/tagged_logging.rb:25:in `tagged'
  activesupport (4.0.0) lib/active_support/tagged_logging.rb:67:in `tagged'
  railties (4.0.0) lib/rails/rack/logger.rb:21:in `call'
  actionpack (4.0.0) lib/action_dispatch/middleware/request_id.rb:21:in `call'
  rack (1.5.2) lib/rack/methodoverride.rb:21:in `call'
  rack (1.5.2) lib/rack/runtime.rb:17:in `call'
  activesupport (4.0.0) lib/active_support/cache/strategy/local_cache.rb:83:in `call'
  rack (1.5.2) lib/rack/lock.rb:17:in `call'
  actionpack (4.0.0) lib/action_dispatch/middleware/static.rb:64:in `call'
  railties (4.0.0) lib/rails/engine.rb:511:in `call'
  railties (4.0.0) lib/rails/application.rb:97:in `call'
  rack (1.5.2) lib/rack/lock.rb:17:in `call'
  rack (1.5.2) lib/rack/content_length.rb:14:in `call'
  rack (1.5.2) lib/rack/handler/webrick.rb:60:in `service'
  /home/julienlinux/.rvm/rubies/ruby-2.0.0-p247/lib/ruby/2.0.0/webrick/httpserver.rb:138:in `service'
  /home/julienlinux/.rvm/rubies/ruby-2.0.0-p247/lib/ruby/2.0.0/webrick/httpserver.rb:94:in `run'
  /home/julienlinux/.rvm/rubies/ruby-2.0.0-p247/lib/ruby/2.0.0/webrick/server.rb:295:in `block in start_thread'


  Rendered /home/julienlinux/.rvm/gems/ruby-2.0.0-p247/gems/actionpack-4.0.0/lib/action_dispatch/middleware/templates/rescues/_trace.erb (1.3ms)
  Rendered /home/julienlinux/.rvm/gems/ruby-2.0.0-p247/gems/actionpack-4.0.0/lib/action_dispatch/middleware/templates/routes/_route.html.erb (0.9ms)
  Rendered /home/julienlinux/.rvm/gems/ruby-2.0.0-p247/gems/actionpack-4.0.0/lib/action_dispatch/middleware/templates/routes/_table.html.erb (8.0ms)
  Rendered /home/julienlinux/.rvm/gems/ruby-2.0.0-p247/gems/actionpack-4.0.0/lib/action_dispatch/middleware/templates/rescues/routing_error.erb within rescues/layout (36.4ms)


Started GET "/profils/" for 127.0.0.1 at 2013-10-01 22:47:22 +0200

ActionController::RoutingError (uninitialized constant ProfilsController):
  activesupport (4.0.0) lib/active_support/inflector/methods.rb:226:in `const_get'
  activesupport (4.0.0) lib/active_support/inflector/methods.rb:226:in `block in constantize'
  activesupport (4.0.0) lib/active_support/inflector/methods.rb:224:in `each'
  activesupport (4.0.0) lib/active_support/inflector/methods.rb:224:in `inject'
  activesupport (4.0.0) lib/active_support/inflector/methods.rb:224:in `constantize'
  actionpack (4.0.0) lib/action_dispatch/routing/route_set.rb:76:in `controller_reference'
  actionpack (4.0.0) lib/action_dispatch/routing/route_set.rb:66:in `controller'
  actionpack (4.0.0) lib/action_dispatch/routing/route_set.rb:44:in `call'
  actionpack (4.0.0) lib/action_dispatch/journey/router.rb:71:in `block in call'
  actionpack (4.0.0) lib/action_dispatch/journey/router.rb:59:in `each'
  actionpack (4.0.0) lib/action_dispatch/journey/router.rb:59:in `call'
  actionpack (4.0.0) lib/action_dispatch/routing/route_set.rb:655:in `call'
  rack (1.5.2) lib/rack/etag.rb:23:in `call'
  rack (1.5.2) lib/rack/conditionalget.rb:25:in `call'
  rack (1.5.2) lib/rack/head.rb:11:in `call'
  actionpack (4.0.0) lib/action_dispatch/middleware/params_parser.rb:27:in `call'
  actionpack (4.0.0) lib/action_dispatch/middleware/flash.rb:241:in `call'
  rack (1.5.2) lib/rack/session/abstract/id.rb:225:in `context'
  rack (1.5.2) lib/rack/session/abstract/id.rb:220:in `call'
  actionpack (4.0.0) lib/action_dispatch/middleware/cookies.rb:486:in `call'
  activerecord (4.0.0) lib/active_record/query_cache.rb:36:in `call'
  activerecord (4.0.0) lib/active_record/connection_adapters/abstract/connection_pool.rb:626:in `call'
  activerecord (4.0.0) lib/active_record/migration.rb:369:in `call'
  actionpack (4.0.0) lib/action_dispatch/middleware/callbacks.rb:29:in `block in call'
  activesupport (4.0.0) lib/active_support/callbacks.rb:373:in `_run__1165534655446288781__call__callbacks'
  activesupport (4.0.0) lib/active_support/callbacks.rb:80:in `run_callbacks'
  actionpack (4.0.0) lib/action_dispatch/middleware/callbacks.rb:27:in `call'
  actionpack (4.0.0) lib/action_dispatch/middleware/reloader.rb:64:in `call'
  actionpack (4.0.0) lib/action_dispatch/middleware/remote_ip.rb:76:in `call'
  actionpack (4.0.0) lib/action_dispatch/middleware/debug_exceptions.rb:17:in `call'
  actionpack (4.0.0) lib/action_dispatch/middleware/show_exceptions.rb:30:in `call'
  railties (4.0.0) lib/rails/rack/logger.rb:38:in `call_app'
  railties (4.0.0) lib/rails/rack/logger.rb:21:in `block in call'
  activesupport (4.0.0) lib/active_support/tagged_logging.rb:67:in `block in tagged'
  activesupport (4.0.0) lib/active_support/tagged_logging.rb:25:in `tagged'
  activesupport (4.0.0) lib/active_support/tagged_logging.rb:67:in `tagged'
  railties (4.0.0) lib/rails/rack/logger.rb:21:in `call'
  actionpack (4.0.0) lib/action_dispatch/middleware/request_id.rb:21:in `call'
  rack (1.5.2) lib/rack/methodoverride.rb:21:in `call'
  rack (1.5.2) lib/rack/runtime.rb:17:in `call'
  activesupport (4.0.0) lib/active_support/cache/strategy/local_cache.rb:83:in `call'
  rack (1.5.2) lib/rack/lock.rb:17:in `call'
  actionpack (4.0.0) lib/action_dispatch/middleware/static.rb:64:in `call'
  railties (4.0.0) lib/rails/engine.rb:511:in `call'
  railties (4.0.0) lib/rails/application.rb:97:in `call'
  rack (1.5.2) lib/rack/lock.rb:17:in `call'
  rack (1.5.2) lib/rack/content_length.rb:14:in `call'
  rack (1.5.2) lib/rack/handler/webrick.rb:60:in `service'
  /home/julienlinux/.rvm/rubies/ruby-2.0.0-p247/lib/ruby/2.0.0/webrick/httpserver.rb:138:in `service'
  /home/julienlinux/.rvm/rubies/ruby-2.0.0-p247/lib/ruby/2.0.0/webrick/httpserver.rb:94:in `run'
  /home/julienlinux/.rvm/rubies/ruby-2.0.0-p247/lib/ruby/2.0.0/webrick/server.rb:295:in `block in start_thread'


  Rendered /home/julienlinux/.rvm/gems/ruby-2.0.0-p247/gems/actionpack-4.0.0/lib/action_dispatch/middleware/templates/rescues/_trace.erb (1.1ms)
  Rendered /home/julienlinux/.rvm/gems/ruby-2.0.0-p247/gems/actionpack-4.0.0/lib/action_dispatch/middleware/templates/routes/_route.html.erb (1.5ms)
  Rendered /home/julienlinux/.rvm/gems/ruby-2.0.0-p247/gems/actionpack-4.0.0/lib/action_dispatch/middleware/templates/routes/_table.html.erb (1.1ms)
  Rendered /home/julienlinux/.rvm/gems/ruby-2.0.0-p247/gems/actionpack-4.0.0/lib/action_dispatch/middleware/templates/rescues/routing_error.erb within rescues/layout (21.5ms)


Started GET "/profils/" for 127.0.0.1 at 2013-10-01 22:52:46 +0200
  [1m[36mActiveRecord::SchemaMigration Load (0.1ms)[0m  [1mSELECT "schema_migrations".* FROM "schema_migrations"[0m
Processing by ProfilsController#index as HTML
  Rendered profils/index.html.erb within layouts/application (1.0ms)
Completed 200 OK in 212ms (Views: 194.4ms | ActiveRecord: 0.0ms)


Started GET "/assets/application.css?body=1" for 127.0.0.1 at 2013-10-01 22:52:46 +0200


Started GET "/assets/profils.css?body=1" for 127.0.0.1 at 2013-10-01 22:52:46 +0200


Started GET "/assets/jquery.js?body=1" for 127.0.0.1 at 2013-10-01 22:52:46 +0200


Started GET "/assets/welcome.css?body=1" for 127.0.0.1 at 2013-10-01 22:52:46 +0200


Started GET "/assets/jquery_ujs.js?body=1" for 127.0.0.1 at 2013-10-01 22:52:46 +0200


Started GET "/assets/profils.js?body=1" for 127.0.0.1 at 2013-10-01 22:52:46 +0200


Started GET "/assets/turbolinks.js?body=1" for 127.0.0.1 at 2013-10-01 22:52:46 +0200


Started GET "/assets/welcome.js?body=1" for 127.0.0.1 at 2013-10-01 22:52:46 +0200


Started GET "/assets/application.js?body=1" for 127.0.0.1 at 2013-10-01 22:52:46 +0200


Started GET "/profil/" for 127.0.0.1 at 2013-10-01 22:52:55 +0200

ActionController::RoutingError (No route matches [GET] "/profil"):
  actionpack (4.0.0) lib/action_dispatch/middleware/debug_exceptions.rb:21:in `call'
  actionpack (4.0.0) lib/action_dispatch/middleware/show_exceptions.rb:30:in `call'
  railties (4.0.0) lib/rails/rack/logger.rb:38:in `call_app'
  railties (4.0.0) lib/rails/rack/logger.rb:21:in `block in call'
  activesupport (4.0.0) lib/active_support/tagged_logging.rb:67:in `block in tagged'
  activesupport (4.0.0) lib/active_support/tagged_logging.rb:25:in `tagged'
  activesupport (4.0.0) lib/active_support/tagged_logging.rb:67:in `tagged'
  railties (4.0.0) lib/rails/rack/logger.rb:21:in `call'
  actionpack (4.0.0) lib/action_dispatch/middleware/request_id.rb:21:in `call'
  rack (1.5.2) lib/rack/methodoverride.rb:21:in `call'
  rack (1.5.2) lib/rack/runtime.rb:17:in `call'
  activesupport (4.0.0) lib/active_support/cache/strategy/local_cache.rb:83:in `call'
  rack (1.5.2) lib/rack/lock.rb:17:in `call'
  actionpack (4.0.0) lib/action_dispatch/middleware/static.rb:64:in `call'
  railties (4.0.0) lib/rails/engine.rb:511:in `call'
  railties (4.0.0) lib/rails/application.rb:97:in `call'
  rack (1.5.2) lib/rack/lock.rb:17:in `call'
  rack (1.5.2) lib/rack/content_length.rb:14:in `call'
  rack (1.5.2) lib/rack/handler/webrick.rb:60:in `service'
  /home/julienlinux/.rvm/rubies/ruby-2.0.0-p247/lib/ruby/2.0.0/webrick/httpserver.rb:138:in `service'
  /home/julienlinux/.rvm/rubies/ruby-2.0.0-p247/lib/ruby/2.0.0/webrick/httpserver.rb:94:in `run'
  /home/julienlinux/.rvm/rubies/ruby-2.0.0-p247/lib/ruby/2.0.0/webrick/server.rb:295:in `block in start_thread'


  Rendered /home/julienlinux/.rvm/gems/ruby-2.0.0-p247/gems/actionpack-4.0.0/lib/action_dispatch/middleware/templates/rescues/_trace.erb (1.1ms)
  Rendered /home/julienlinux/.rvm/gems/ruby-2.0.0-p247/gems/actionpack-4.0.0/lib/action_dispatch/middleware/templates/routes/_route.html.erb (1.5ms)
  Rendered /home/julienlinux/.rvm/gems/ruby-2.0.0-p247/gems/actionpack-4.0.0/lib/action_dispatch/middleware/templates/routes/_table.html.erb (3.5ms)
  Rendered /home/julienlinux/.rvm/gems/ruby-2.0.0-p247/gems/actionpack-4.0.0/lib/action_dispatch/middleware/templates/rescues/routing_error.erb within rescues/layout (22.8ms)


Started GET "/profils/show" for 127.0.0.1 at 2013-10-01 22:53:14 +0200
Processing by ProfilsController#show as HTML
  Parameters: {"id"=>"show"}
Completed 500 Internal Server Error in 26ms

ActionView::MissingTemplate (Missing template profils/show, application/show with {:locale=>[:en], :formats=>[:html], :handlers=>[:erb, :builder, :raw, :ruby, :jbuilder, :coffee]}. Searched in:
  * "/home/julienlinux/Documents/bisounours3/my_app/app/views"
):
  actionpack (4.0.0) lib/action_view/path_set.rb:46:in `find'
  actionpack (4.0.0) lib/action_view/lookup_context.rb:115:in `find'
  actionpack (4.0.0) lib/action_view/renderer/abstract_renderer.rb:18:in `find_template'
  actionpack (4.0.0) lib/action_view/renderer/template_renderer.rb:35:in `determine_template'
  actionpack (4.0.0) lib/action_view/renderer/template_renderer.rb:8:in `render'
  actionpack (4.0.0) lib/action_view/renderer/renderer.rb:42:in `render_template'
  actionpack (4.0.0) lib/action_view/renderer/renderer.rb:23:in `render'
  actionpack (4.0.0) lib/abstract_controller/rendering.rb:127:in `_render_template'
  actionpack (4.0.0) lib/action_controller/metal/streaming.rb:219:in `_render_template'
  actionpack (4.0.0) lib/abstract_controller/rendering.rb:120:in `render_to_body'
  actionpack (4.0.0) lib/action_controller/metal/rendering.rb:33:in `render_to_body'
  actionpack (4.0.0) lib/action_controller/metal/renderers.rb:26:in `render_to_body'
  actionpack (4.0.0) lib/abstract_controller/rendering.rb:97:in `render'
  actionpack (4.0.0) lib/action_controller/metal/rendering.rb:16:in `render'
  actionpack (4.0.0) lib/action_controller/metal/instrumentation.rb:41:in `block (2 levels) in render'
  activesupport (4.0.0) lib/active_support/core_ext/benchmark.rb:12:in `block in ms'
  /home/julienlinux/.rvm/rubies/ruby-2.0.0-p247/lib/ruby/2.0.0/benchmark.rb:296:in `realtime'
  activesupport (4.0.0) lib/active_support/core_ext/benchmark.rb:12:in `ms'
  actionpack (4.0.0) lib/action_controller/metal/instrumentation.rb:41:in `block in render'
  actionpack (4.0.0) lib/action_controller/metal/instrumentation.rb:84:in `cleanup_view_runtime'
  activerecord (4.0.0) lib/active_record/railties/controller_runtime.rb:25:in `cleanup_view_runtime'
  actionpack (4.0.0) lib/action_controller/metal/instrumentation.rb:40:in `render'
  actionpack (4.0.0) lib/action_controller/metal/implicit_render.rb:10:in `default_render'
  actionpack (4.0.0) lib/action_controller/metal/implicit_render.rb:5:in `send_action'
  actionpack (4.0.0) lib/abstract_controller/base.rb:189:in `process_action'
  actionpack (4.0.0) lib/action_controller/metal/rendering.rb:10:in `process_action'
  actionpack (4.0.0) lib/abstract_controller/callbacks.rb:18:in `block in process_action'
  activesupport (4.0.0) lib/active_support/callbacks.rb:403:in `_run__1454059031651706731__process_action__callbacks'
  activesupport (4.0.0) lib/active_support/callbacks.rb:80:in `run_callbacks'
  actionpack (4.0.0) lib/abstract_controller/callbacks.rb:17:in `process_action'
  actionpack (4.0.0) lib/action_controller/metal/rescue.rb:29:in `process_action'
  actionpack (4.0.0) lib/action_controller/metal/instrumentation.rb:31:in `block in process_action'
  activesupport (4.0.0) lib/active_support/notifications.rb:159:in `block in instrument'
  activesupport (4.0.0) lib/active_support/notifications/instrumenter.rb:20:in `instrument'
  activesupport (4.0.0) lib/active_support/notifications.rb:159:in `instrument'
  actionpack (4.0.0) lib/action_controller/metal/instrumentation.rb:30:in `process_action'
  actionpack (4.0.0) lib/action_controller/metal/params_wrapper.rb:245:in `process_action'
  activerecord (4.0.0) lib/active_record/railties/controller_runtime.rb:18:in `process_action'
  actionpack (4.0.0) lib/abstract_controller/base.rb:136:in `process'
  actionpack (4.0.0) lib/abstract_controller/rendering.rb:44:in `process'
  actionpack (4.0.0) lib/action_controller/metal.rb:195:in `dispatch'
  actionpack (4.0.0) lib/action_controller/metal/rack_delegation.rb:13:in `dispatch'
  actionpack (4.0.0) lib/action_controller/metal.rb:231:in `block in action'
  actionpack (4.0.0) lib/action_dispatch/routing/route_set.rb:80:in `call'
  actionpack (4.0.0) lib/action_dispatch/routing/route_set.rb:80:in `dispatch'
  actionpack (4.0.0) lib/action_dispatch/routing/route_set.rb:48:in `call'
  actionpack (4.0.0) lib/action_dispatch/journey/router.rb:71:in `block in call'
  actionpack (4.0.0) lib/action_dispatch/journey/router.rb:59:in `each'
  actionpack (4.0.0) lib/action_dispatch/journey/router.rb:59:in `call'
  actionpack (4.0.0) lib/action_dispatch/routing/route_set.rb:655:in `call'
  rack (1.5.2) lib/rack/etag.rb:23:in `call'
  rack (1.5.2) lib/rack/conditionalget.rb:25:in `call'
  rack (1.5.2) lib/rack/head.rb:11:in `call'
  actionpack (4.0.0) lib/action_dispatch/middleware/params_parser.rb:27:in `call'
  actionpack (4.0.0) lib/action_dispatch/middleware/flash.rb:241:in `call'
  rack (1.5.2) lib/rack/session/abstract/id.rb:225:in `context'
  rack (1.5.2) lib/rack/session/abstract/id.rb:220:in `call'
  actionpack (4.0.0) lib/action_dispatch/middleware/cookies.rb:486:in `call'
  activerecord (4.0.0) lib/active_record/query_cache.rb:36:in `call'
  activerecord (4.0.0) lib/active_record/connection_adapters/abstract/connection_pool.rb:626:in `call'
  activerecord (4.0.0) lib/active_record/migration.rb:369:in `call'
  actionpack (4.0.0) lib/action_dispatch/middleware/callbacks.rb:29:in `block in call'
  activesupport (4.0.0) lib/active_support/callbacks.rb:373:in `_run__3024323996466264443__call__callbacks'
  activesupport (4.0.0) lib/active_support/callbacks.rb:80:in `run_callbacks'
  actionpack (4.0.0) lib/action_dispatch/middleware/callbacks.rb:27:in `call'
  actionpack (4.0.0) lib/action_dispatch/middleware/reloader.rb:64:in `call'
  actionpack (4.0.0) lib/action_dispatch/middleware/remote_ip.rb:76:in `call'
  actionpack (4.0.0) lib/action_dispatch/middleware/debug_exceptions.rb:17:in `call'
  actionpack (4.0.0) lib/action_dispatch/middleware/show_exceptions.rb:30:in `call'
  railties (4.0.0) lib/rails/rack/logger.rb:38:in `call_app'
  railties (4.0.0) lib/rails/rack/logger.rb:21:in `block in call'
  activesupport (4.0.0) lib/active_support/tagged_logging.rb:67:in `block in tagged'
  activesupport (4.0.0) lib/active_support/tagged_logging.rb:25:in `tagged'
  activesupport (4.0.0) lib/active_support/tagged_logging.rb:67:in `tagged'
  railties (4.0.0) lib/rails/rack/logger.rb:21:in `call'
  actionpack (4.0.0) lib/action_dispatch/middleware/request_id.rb:21:in `call'
  rack (1.5.2) lib/rack/methodoverride.rb:21:in `call'
  rack (1.5.2) lib/rack/runtime.rb:17:in `call'
  activesupport (4.0.0) lib/active_support/cache/strategy/local_cache.rb:83:in `call'
  rack (1.5.2) lib/rack/lock.rb:17:in `call'
  actionpack (4.0.0) lib/action_dispatch/middleware/static.rb:64:in `call'
  railties (4.0.0) lib/rails/engine.rb:511:in `call'
  railties (4.0.0) lib/rails/application.rb:97:in `call'
  rack (1.5.2) lib/rack/lock.rb:17:in `call'
  rack (1.5.2) lib/rack/content_length.rb:14:in `call'
  rack (1.5.2) lib/rack/handler/webrick.rb:60:in `service'
  /home/julienlinux/.rvm/rubies/ruby-2.0.0-p247/lib/ruby/2.0.0/webrick/httpserver.rb:138:in `service'
  /home/julienlinux/.rvm/rubies/ruby-2.0.0-p247/lib/ruby/2.0.0/webrick/httpserver.rb:94:in `run'
  /home/julienlinux/.rvm/rubies/ruby-2.0.0-p247/lib/ruby/2.0.0/webrick/server.rb:295:in `block in start_thread'


  Rendered /home/julienlinux/.rvm/gems/ruby-2.0.0-p247/gems/actionpack-4.0.0/lib/action_dispatch/middleware/templates/rescues/missing_template.erb within rescues/layout (0.6ms)


Started GET "/profils/" for 127.0.0.1 at 2013-10-01 22:53:36 +0200
Processing by ProfilsController#index as HTML
  Rendered profils/index.html.erb within layouts/application (0.1ms)
Completed 200 OK in 5ms (Views: 4.1ms | ActiveRecord: 0.0ms)


Started GET "/assets/application.css?body=1" for 127.0.0.1 at 2013-10-01 22:53:36 +0200


Started GET "/assets/profils.css?body=1" for 127.0.0.1 at 2013-10-01 22:53:36 +0200


Started GET "/assets/welcome.css?body=1" for 127.0.0.1 at 2013-10-01 22:53:36 +0200


Started GET "/assets/jquery_ujs.js?body=1" for 127.0.0.1 at 2013-10-01 22:53:36 +0200


Started GET "/assets/profils.js?body=1" for 127.0.0.1 at 2013-10-01 22:53:36 +0200


Started GET "/assets/jquery.js?body=1" for 127.0.0.1 at 2013-10-01 22:53:36 +0200


Started GET "/assets/turbolinks.js?body=1" for 127.0.0.1 at 2013-10-01 22:53:36 +0200


Started GET "/assets/application.js?body=1" for 127.0.0.1 at 2013-10-01 22:53:36 +0200


Started GET "/assets/welcome.js?body=1" for 127.0.0.1 at 2013-10-01 22:53:36 +0200


Started GET "/" for 127.0.0.1 at 2013-10-01 22:53:46 +0200
Processing by WelcomeController#index as HTML
  Rendered welcome/index.html.erb within layouts/application (0.4ms)
Completed 200 OK in 6ms (Views: 5.1ms | ActiveRecord: 0.0ms)


Started GET "/assets/application.css?body=1" for 127.0.0.1 at 2013-10-01 22:53:46 +0200


Started GET "/assets/profils.css?body=1" for 127.0.0.1 at 2013-10-01 22:53:46 +0200


Started GET "/assets/jquery.js?body=1" for 127.0.0.1 at 2013-10-01 22:53:46 +0200


Started GET "/assets/turbolinks.js?body=1" for 127.0.0.1 at 2013-10-01 22:53:46 +0200


Started GET "/assets/welcome.css?body=1" for 127.0.0.1 at 2013-10-01 22:53:46 +0200


Started GET "/assets/jquery_ujs.js?body=1" for 127.0.0.1 at 2013-10-01 22:53:46 +0200


Started GET "/assets/profils.js?body=1" for 127.0.0.1 at 2013-10-01 22:53:46 +0200


Started GET "/assets/welcome.js?body=1" for 127.0.0.1 at 2013-10-01 22:53:46 +0200


Started GET "/assets/application.js?body=1" for 127.0.0.1 at 2013-10-01 22:53:46 +0200


Started GET "/" for 127.0.0.1 at 2013-10-01 22:59:29 +0200
Processing by WelcomeController#index as HTML
  Rendered welcome/index.html.erb within layouts/application (1.0ms)
Completed 200 OK in 9ms (Views: 6.9ms | ActiveRecord: 0.0ms)


Started GET "/assets/application.css?body=1" for 127.0.0.1 at 2013-10-01 22:59:29 +0200


Started GET "/assets/profils.css?body=1" for 127.0.0.1 at 2013-10-01 22:59:29 +0200


Started GET "/assets/jquery.js?body=1" for 127.0.0.1 at 2013-10-01 22:59:29 +0200


Started GET "/assets/welcome.css?body=1" for 127.0.0.1 at 2013-10-01 22:59:29 +0200


Started GET "/assets/profils.js?body=1" for 127.0.0.1 at 2013-10-01 22:59:29 +0200


Started GET "/assets/welcome.js?body=1" for 127.0.0.1 at 2013-10-01 22:59:29 +0200


Started GET "/assets/jquery_ujs.js?body=1" for 127.0.0.1 at 2013-10-01 22:59:29 +0200


Started GET "/assets/turbolinks.js?body=1" for 127.0.0.1 at 2013-10-01 22:59:29 +0200


Started GET "/assets/application.js?body=1" for 127.0.0.1 at 2013-10-01 22:59:29 +0200


Started GET "/profils" for 127.0.0.1 at 2013-10-01 22:59:37 +0200
Processing by ProfilsController#index as HTML
  Rendered profils/index.html.erb within layouts/application (0.4ms)
Completed 200 OK in 6ms (Views: 5.2ms | ActiveRecord: 0.0ms)


Started GET "/profils/" for 127.0.0.1 at 2013-10-02 10:39:34 +0200
  [1m[36mActiveRecord::SchemaMigration Load (0.1ms)[0m  [1mSELECT "schema_migrations".* FROM "schema_migrations"[0m
Processing by ProfilsController#index as HTML
  [1m[35mProfil Load (0.2ms)[0m  SELECT "profils".* FROM "profils"
  Rendered profils/index.html.erb within layouts/application (56.7ms)
Completed 200 OK in 323ms (Views: 287.3ms | ActiveRecord: 0.8ms)


Started GET "/assets/application.css?body=1" for 127.0.0.1 at 2013-10-02 10:39:35 +0200


Started GET "/assets/profils.css?body=1" for 127.0.0.1 at 2013-10-02 10:39:35 +0200


Started GET "/assets/jquery.js?body=1" for 127.0.0.1 at 2013-10-02 10:39:35 +0200


Started GET "/assets/welcome.css?body=1" for 127.0.0.1 at 2013-10-02 10:39:35 +0200


Started GET "/assets/jquery_ujs.js?body=1" for 127.0.0.1 at 2013-10-02 10:39:35 +0200


Started GET "/assets/profils.js?body=1" for 127.0.0.1 at 2013-10-02 10:39:35 +0200


Started GET "/assets/turbolinks.js?body=1" for 127.0.0.1 at 2013-10-02 10:39:35 +0200


Started GET "/assets/welcome.js?body=1" for 127.0.0.1 at 2013-10-02 10:39:35 +0200


Started GET "/assets/application.js?body=1" for 127.0.0.1 at 2013-10-02 10:39:35 +0200


Started GET "/" for 127.0.0.1 at 2013-10-02 21:46:25 +0200
  [1m[36mActiveRecord::SchemaMigration Load (0.2ms)[0m  [1mSELECT "schema_migrations".* FROM "schema_migrations"[0m
Processing by WelcomeController#index as HTML
  Rendered welcome/index.html.erb within layouts/application (1.6ms)
Completed 200 OK in 245ms (Views: 226.0ms | ActiveRecord: 0.0ms)


Started GET "/assets/application.css?body=1" for 127.0.0.1 at 2013-10-02 21:46:25 +0200


Started GET "/assets/welcome.css?body=1" for 127.0.0.1 at 2013-10-02 21:46:25 +0200


Started GET "/assets/profils.css?body=1" for 127.0.0.1 at 2013-10-02 21:46:25 +0200


Started GET "/assets/jquery.js?body=1" for 127.0.0.1 at 2013-10-02 21:46:25 +0200


Started GET "/assets/jquery_ujs.js?body=1" for 127.0.0.1 at 2013-10-02 21:46:25 +0200


Started GET "/assets/turbolinks.js?body=1" for 127.0.0.1 at 2013-10-02 21:46:25 +0200


Started GET "/assets/profils.js?body=1" for 127.0.0.1 at 2013-10-02 21:46:25 +0200


Started GET "/assets/welcome.js?body=1" for 127.0.0.1 at 2013-10-02 21:46:25 +0200


Started GET "/assets/application.js?body=1" for 127.0.0.1 at 2013-10-02 21:46:25 +0200


Started GET "/profils" for 127.0.0.1 at 2013-10-02 21:46:36 +0200
Processing by ProfilsController#index as HTML
  [1m[35mProfil Load (0.1ms)[0m  SELECT "profils".* FROM "profils"
  Rendered profils/index.html.erb within layouts/application (14.0ms)
Completed 200 OK in 46ms (Views: 21.7ms | ActiveRecord: 0.6ms)
  [1m[36mProfil Load (1.2ms)[0m  [1mSELECT "profils".* FROM "profils"[0m
  [1m[35m (0.5ms)[0m  BEGIN
  [1m[36mSQL (104.6ms)[0m  [1mINSERT INTO "profils" ("body", "created_at", "nom", "updated_at") VALUES ($1, $2, $3, $4) RETURNING "id"[0m  [["body", "blabla"], ["created_at", Wed, 02 Oct 2013 21:20:33 UTC +00:00], ["nom", "jule"], ["updated_at", Wed, 02 Oct 2013 21:20:33 UTC +00:00]]
  [1m[35m (19.9ms)[0m  COMMIT
  [1m[36m (0.6ms)[0m  [1mBEGIN[0m
  [1m[35mSQL (1.4ms)[0m  DELETE FROM "profils" WHERE "profils"."id" = $1  [["id", 8]]
  [1m[36m (30.7ms)[0m  [1mCOMMIT[0m
  [1m[36mActiveRecord::SchemaMigration Load (0.7ms)[0m  [1mSELECT "schema_migrations".* FROM "schema_migrations"[0m
Migrating to CreateProfils (20131001203502)
  [1m[35m (0.5ms)[0m  BEGIN
  [1m[36m (204.3ms)[0m  [1mCREATE TABLE "profils" ("id" serial primary key, "nom" character varying(255), "body" text, "created_at" timestamp, "updated_at" timestamp) [0m
PG::DuplicateTable: ERROR:  relation "profils" already exists
: CREATE TABLE "profils" ("id" serial primary key, "nom" character varying(255), "body" text, "created_at" timestamp, "updated_at" timestamp) 
  [1m[35m (0.4ms)[0m  ROLLBACK
  [1m[36mActiveRecord::SchemaMigration Load (0.8ms)[0m  [1mSELECT "schema_migrations".* FROM "schema_migrations"[0m
Migrating to CreateProfils (20131001203502)
  [1m[35m (0.5ms)[0m  BEGIN
  [1m[36m (74.5ms)[0m  [1mCREATE TABLE "profils" ("id" serial primary key, "nom" character varying(255), "body" text, "created_at" timestamp, "updated_at" timestamp) [0m
PG::DuplicateTable: ERROR:  relation "profils" already exists
: CREATE TABLE "profils" ("id" serial primary key, "nom" character varying(255), "body" text, "created_at" timestamp, "updated_at" timestamp) 
  [1m[35m (0.3ms)[0m  ROLLBACK


Started GET "/" for 127.0.0.1 at 2013-10-08 10:35:42 +0200
  [1m[36mActiveRecord::SchemaMigration Load (19.0ms)[0m  [1mSELECT "schema_migrations".* FROM "schema_migrations"[0m
Processing by WelcomeController#index as HTML
  Rendered welcome/index.html.erb within layouts/application (3.0ms)
Completed 200 OK in 671ms (Views: 648.9ms | ActiveRecord: 0.0ms)


Started GET "/assets/application.css?body=1" for 127.0.0.1 at 2013-10-08 10:35:43 +0200


Started GET "/assets/offres.css?body=1" for 127.0.0.1 at 2013-10-08 10:35:43 +0200


Started GET "/assets/welcome.css?body=1" for 127.0.0.1 at 2013-10-08 10:35:43 +0200


Started GET "/assets/profils.css?body=1" for 127.0.0.1 at 2013-10-08 10:35:43 +0200


Started GET "/assets/jquery.js?body=1" for 127.0.0.1 at 2013-10-08 10:35:43 +0200


Started GET "/assets/turbolinks.js?body=1" for 127.0.0.1 at 2013-10-08 10:35:44 +0200


Started GET "/assets/jquery_ujs.js?body=1" for 127.0.0.1 at 2013-10-08 10:35:44 +0200


Started GET "/assets/offres.js?body=1" for 127.0.0.1 at 2013-10-08 10:35:44 +0200


Started GET "/assets/profils.js?body=1" for 127.0.0.1 at 2013-10-08 10:35:44 +0200


Started GET "/assets/welcome.js?body=1" for 127.0.0.1 at 2013-10-08 10:35:44 +0200


Started GET "/assets/application.js?body=1" for 127.0.0.1 at 2013-10-08 10:35:44 +0200


Started GET "/profils" for 127.0.0.1 at 2013-10-08 10:35:46 +0200
Processing by ProfilsController#index as HTML
  [1m[35mProfil Load (19.6ms)[0m  SELECT "profils".* FROM "profils"
  Rendered profils/index.html.erb within layouts/application (57.7ms)
Completed 200 OK in 97ms (Views: 46.5ms | ActiveRecord: 29.1ms)


Started GET "/profils" for 127.0.0.1 at 2013-10-08 10:39:54 +0200
  [1m[36mActiveRecord::SchemaMigration Load (0.7ms)[0m  [1mSELECT "schema_migrations".* FROM "schema_migrations"[0m
Processing by ProfilsController#index as HTML
  [1m[35mProfil Load (0.7ms)[0m  SELECT "profils".* FROM "profils"
  Rendered profils/index.html.erb within layouts/application (27.5ms)
Completed 200 OK in 125ms (Views: 98.3ms | ActiveRecord: 4.2ms)


Started GET "/assets/application.css?body=1" for 127.0.0.1 at 2013-10-08 10:39:54 +0200


Started GET "/assets/offres.css?body=1" for 127.0.0.1 at 2013-10-08 10:39:54 +0200


Started GET "/assets/profils.css?body=1" for 127.0.0.1 at 2013-10-08 10:39:54 +0200


Started GET "/assets/jquery.js?body=1" for 127.0.0.1 at 2013-10-08 10:39:54 +0200


Started GET "/assets/welcome.css?body=1" for 127.0.0.1 at 2013-10-08 10:39:54 +0200


Started GET "/assets/jquery_ujs.js?body=1" for 127.0.0.1 at 2013-10-08 10:39:54 +0200


Started GET "/assets/turbolinks.js?body=1" for 127.0.0.1 at 2013-10-08 10:39:54 +0200


Started GET "/assets/offres.js?body=1" for 127.0.0.1 at 2013-10-08 10:39:54 +0200


Started GET "/assets/profils.js?body=1" for 127.0.0.1 at 2013-10-08 10:39:54 +0200


Started GET "/assets/welcome.js?body=1" for 127.0.0.1 at 2013-10-08 10:39:54 +0200


Started GET "/assets/application.js?body=1" for 127.0.0.1 at 2013-10-08 10:39:54 +0200


Started GET "/profils" for 127.0.0.1 at 2013-10-08 10:59:36 +0200
  [1m[36mActiveRecord::SchemaMigration Load (0.5ms)[0m  [1mSELECT "schema_migrations".* FROM "schema_migrations"[0m
Processing by ProfilsController#index as HTML
  [1m[35mProfil Load (0.7ms)[0m  SELECT "profils".* FROM "profils"
  Rendered profils/index.html.erb within layouts/application (24.1ms)
Completed 200 OK in 119ms (Views: 96.3ms | ActiveRecord: 4.2ms)


Started GET "/" for 127.0.0.1 at 2013-10-08 16:23:36 +0200
  [1m[36mActiveRecord::SchemaMigration Load (0.7ms)[0m  [1mSELECT "schema_migrations".* FROM "schema_migrations"[0m
Processing by WelcomeController#index as HTML
  Rendered welcome/index.html.erb within layouts/application (1.8ms)
Completed 200 OK in 101ms (Views: 83.7ms | ActiveRecord: 0.0ms)


Started GET "/assets/application.css?body=1" for 127.0.0.1 at 2013-10-08 16:23:36 +0200


Started GET "/assets/offres.css?body=1" for 127.0.0.1 at 2013-10-08 16:23:37 +0200


Started GET "/assets/profils.css?body=1" for 127.0.0.1 at 2013-10-08 16:23:37 +0200


Started GET "/assets/sceen.css?body=1" for 127.0.0.1 at 2013-10-08 16:23:37 +0200


Started GET "/assets/welcome.css?body=1" for 127.0.0.1 at 2013-10-08 16:23:37 +0200


Started GET "/assets/jquery_ujs.js?body=1" for 127.0.0.1 at 2013-10-08 16:23:37 +0200


Started GET "/assets/turbolinks.js?body=1" for 127.0.0.1 at 2013-10-08 16:23:37 +0200


Started GET "/assets/jquery.js?body=1" for 127.0.0.1 at 2013-10-08 16:23:37 +0200


Started GET "/assets/offres.js?body=1" for 127.0.0.1 at 2013-10-08 16:23:37 +0200


Started GET "/assets/profils.js?body=1" for 127.0.0.1 at 2013-10-08 16:23:37 +0200


Started GET "/assets/application.js?body=1" for 127.0.0.1 at 2013-10-08 16:23:37 +0200


Started GET "/assets/welcome.js?body=1" for 127.0.0.1 at 2013-10-08 16:23:37 +0200


Started GET "/profils" for 127.0.0.1 at 2013-10-08 16:23:40 +0200
Processing by ProfilsController#index as HTML
  [1m[35mProfil Load (0.8ms)[0m  SELECT "profils".* FROM "profils"
  Rendered profils/index.html.erb within layouts/application (20.3ms)
Completed 200 OK in 69ms (Views: 23.2ms | ActiveRecord: 4.1ms)


Started GET "/offres" for 127.0.0.1 at 2013-10-08 16:23:50 +0200

ActionController::RoutingError (No route matches [GET] "/offres"):
  actionpack (4.0.0) lib/action_dispatch/middleware/debug_exceptions.rb:21:in `call'
  actionpack (4.0.0) lib/action_dispatch/middleware/show_exceptions.rb:30:in `call'
  railties (4.0.0) lib/rails/rack/logger.rb:38:in `call_app'
  railties (4.0.0) lib/rails/rack/logger.rb:21:in `block in call'
  activesupport (4.0.0) lib/active_support/tagged_logging.rb:67:in `block in tagged'
  activesupport (4.0.0) lib/active_support/tagged_logging.rb:25:in `tagged'
  activesupport (4.0.0) lib/active_support/tagged_logging.rb:67:in `tagged'
  railties (4.0.0) lib/rails/rack/logger.rb:21:in `call'
  actionpack (4.0.0) lib/action_dispatch/middleware/request_id.rb:21:in `call'
  rack (1.5.2) lib/rack/methodoverride.rb:21:in `call'
  rack (1.5.2) lib/rack/runtime.rb:17:in `call'
  activesupport (4.0.0) lib/active_support/cache/strategy/local_cache.rb:83:in `call'
  rack (1.5.2) lib/rack/lock.rb:17:in `call'
  actionpack (4.0.0) lib/action_dispatch/middleware/static.rb:64:in `call'
  railties (4.0.0) lib/rails/engine.rb:511:in `call'
  railties (4.0.0) lib/rails/application.rb:97:in `call'
  rack (1.5.2) lib/rack/lock.rb:17:in `call'
  rack (1.5.2) lib/rack/content_length.rb:14:in `call'
  rack (1.5.2) lib/rack/handler/webrick.rb:60:in `service'
  /home/julienlinux/.rvm/rubies/ruby-2.0.0-p247/lib/ruby/2.0.0/webrick/httpserver.rb:138:in `service'
  /home/julienlinux/.rvm/rubies/ruby-2.0.0-p247/lib/ruby/2.0.0/webrick/httpserver.rb:94:in `run'
  /home/julienlinux/.rvm/rubies/ruby-2.0.0-p247/lib/ruby/2.0.0/webrick/server.rb:295:in `block in start_thread'


  Rendered /home/julienlinux/.rvm/gems/ruby-2.0.0-p247/gems/actionpack-4.0.0/lib/action_dispatch/middleware/templates/rescues/_trace.erb (1.5ms)
  Rendered /home/julienlinux/.rvm/gems/ruby-2.0.0-p247/gems/actionpack-4.0.0/lib/action_dispatch/middleware/templates/routes/_route.html.erb (2.0ms)
  Rendered /home/julienlinux/.rvm/gems/ruby-2.0.0-p247/gems/actionpack-4.0.0/lib/action_dispatch/middleware/templates/routes/_table.html.erb (8.7ms)
  Rendered /home/julienlinux/.rvm/gems/ruby-2.0.0-p247/gems/actionpack-4.0.0/lib/action_dispatch/middleware/templates/rescues/routing_error.erb within rescues/layout (47.9ms)


Started GET "/" for 127.0.0.1 at 2013-10-08 17:41:03 +0200
  [1m[36mActiveRecord::SchemaMigration Load (0.7ms)[0m  [1mSELECT "schema_migrations".* FROM "schema_migrations"[0m
Processing by WelcomeController#index as HTML
  Rendered welcome/index.html.erb within layouts/application (1.4ms)
Completed 200 OK in 103ms (Views: 84.9ms | ActiveRecord: 0.0ms)


Started GET "/assets/application.css?body=1" for 127.0.0.1 at 2013-10-08 17:41:03 +0200


Started GET "/assets/offres.css?body=1" for 127.0.0.1 at 2013-10-08 17:41:04 +0200


Started GET "/assets/sceen.css?body=1" for 127.0.0.1 at 2013-10-08 17:41:04 +0200


Started GET "/assets/jquery_ujs.js?body=1" for 127.0.0.1 at 2013-10-08 17:41:04 +0200


Started GET "/assets/profils.css?body=1" for 127.0.0.1 at 2013-10-08 17:41:04 +0200


Started GET "/assets/jquery.js?body=1" for 127.0.0.1 at 2013-10-08 17:41:04 +0200


Started GET "/assets/welcome.css?body=1" for 127.0.0.1 at 2013-10-08 17:41:04 +0200


Started GET "/assets/turbolinks.js?body=1" for 127.0.0.1 at 2013-10-08 17:41:04 +0200


Started GET "/assets/offres.js?body=1" for 127.0.0.1 at 2013-10-08 17:41:04 +0200


Started GET "/assets/profils.js?body=1" for 127.0.0.1 at 2013-10-08 17:41:04 +0200


Started GET "/assets/welcome.js?body=1" for 127.0.0.1 at 2013-10-08 17:41:04 +0200


Started GET "/assets/application.js?body=1" for 127.0.0.1 at 2013-10-08 17:41:04 +0200


Started GET "/profils" for 127.0.0.1 at 2013-10-08 17:41:51 +0200
Processing by ProfilsController#index as HTML
  [1m[35mProfil Load (1.0ms)[0m  SELECT "profils".* FROM "profils"
  Rendered profils/index.html.erb within layouts/application (69.5ms)
Completed 200 OK in 79ms (Views: 71.4ms | ActiveRecord: 5.0ms)


Started GET "/profils" for 127.0.0.1 at 2013-10-08 17:44:30 +0200
Processing by ProfilsController#index as HTML
  [1m[36mProfil Load (1.0ms)[0m  [1mSELECT "profils".* FROM "profils"[0m
  Rendered profils/index.html.erb within layouts/application (2.9ms)
Completed 200 OK in 25ms (Views: 23.0ms | ActiveRecord: 1.0ms)


Started GET "/assets/application.css?body=1" for 127.0.0.1 at 2013-10-08 17:44:30 +0200


Started GET "/assets/offres.css?body=1" for 127.0.0.1 at 2013-10-08 17:44:30 +0200


Started GET "/assets/profils.css?body=1" for 127.0.0.1 at 2013-10-08 17:44:30 +0200


Started GET "/assets/sceen.css?body=1" for 127.0.0.1 at 2013-10-08 17:44:30 +0200


Started GET "/assets/welcome.css?body=1" for 127.0.0.1 at 2013-10-08 17:44:30 +0200


Started GET "/assets/jquery.js?body=1" for 127.0.0.1 at 2013-10-08 17:44:30 +0200


Started GET "/assets/jquery_ujs.js?body=1" for 127.0.0.1 at 2013-10-08 17:44:30 +0200


Started GET "/assets/turbolinks.js?body=1" for 127.0.0.1 at 2013-10-08 17:44:30 +0200


Started GET "/assets/offres.js?body=1" for 127.0.0.1 at 2013-10-08 17:44:30 +0200


Started GET "/assets/profils.js?body=1" for 127.0.0.1 at 2013-10-08 17:44:30 +0200


Started GET "/assets/welcome.js?body=1" for 127.0.0.1 at 2013-10-08 17:44:30 +0200


Started GET "/assets/application.js?body=1" for 127.0.0.1 at 2013-10-08 17:44:30 +0200


Started GET "/profils" for 127.0.0.1 at 2013-10-08 17:44:59 +0200
Processing by ProfilsController#index as HTML
  [1m[35mProfil Load (1.0ms)[0m  SELECT "profils".* FROM "profils"
  Rendered profils/index.html.erb within layouts/application (2.9ms)
Completed 200 OK in 24ms (Views: 22.1ms | ActiveRecord: 1.0ms)


Started GET "/assets/offres.css?body=1" for 127.0.0.1 at 2013-10-08 17:44:59 +0200


Started GET "/assets/profils.css?body=1" for 127.0.0.1 at 2013-10-08 17:44:59 +0200


Started GET "/assets/application.css?body=1" for 127.0.0.1 at 2013-10-08 17:44:59 +0200


Started GET "/assets/welcome.css?body=1" for 127.0.0.1 at 2013-10-08 17:44:59 +0200


Started GET "/assets/sceen.css?body=1" for 127.0.0.1 at 2013-10-08 17:45:00 +0200


Started GET "/assets/jquery.js?body=1" for 127.0.0.1 at 2013-10-08 17:45:00 +0200


Started GET "/assets/jquery_ujs.js?body=1" for 127.0.0.1 at 2013-10-08 17:45:00 +0200


Started GET "/assets/turbolinks.js?body=1" for 127.0.0.1 at 2013-10-08 17:45:00 +0200


Started GET "/assets/offres.js?body=1" for 127.0.0.1 at 2013-10-08 17:45:00 +0200


Started GET "/assets/profils.js?body=1" for 127.0.0.1 at 2013-10-08 17:45:00 +0200


Started GET "/assets/welcome.js?body=1" for 127.0.0.1 at 2013-10-08 17:45:00 +0200


Started GET "/assets/application.js?body=1" for 127.0.0.1 at 2013-10-08 17:45:00 +0200


Started GET "/profils" for 127.0.0.1 at 2013-10-08 17:45:01 +0200
Processing by ProfilsController#index as HTML
  [1m[36mProfil Load (0.7ms)[0m  [1mSELECT "profils".* FROM "profils"[0m
  Rendered profils/index.html.erb within layouts/application (2.0ms)
Completed 200 OK in 10ms (Views: 8.3ms | ActiveRecord: 0.7ms)


Started GET "/assets/sceen.css?body=1" for 127.0.0.1 at 2013-10-08 17:45:01 +0200


Started GET "/assets/welcome.css?body=1" for 127.0.0.1 at 2013-10-08 17:45:01 +0200


Started GET "/assets/application.css?body=1" for 127.0.0.1 at 2013-10-08 17:45:01 +0200


Started GET "/assets/jquery.js?body=1" for 127.0.0.1 at 2013-10-08 17:45:01 +0200


Started GET "/assets/offres.css?body=1" for 127.0.0.1 at 2013-10-08 17:45:01 +0200


Started GET "/assets/profils.css?body=1" for 127.0.0.1 at 2013-10-08 17:45:01 +0200


Started GET "/assets/turbolinks.js?body=1" for 127.0.0.1 at 2013-10-08 17:45:01 +0200


Started GET "/assets/jquery_ujs.js?body=1" for 127.0.0.1 at 2013-10-08 17:45:01 +0200


Started GET "/assets/offres.js?body=1" for 127.0.0.1 at 2013-10-08 17:45:01 +0200


Started GET "/assets/profils.js?body=1" for 127.0.0.1 at 2013-10-08 17:45:01 +0200


Started GET "/assets/welcome.js?body=1" for 127.0.0.1 at 2013-10-08 17:45:01 +0200


Started GET "/assets/application.js?body=1" for 127.0.0.1 at 2013-10-08 17:45:01 +0200


Started GET "/profils" for 127.0.0.1 at 2013-10-08 17:45:05 +0200
Processing by ProfilsController#index as HTML
  [1m[35mProfil Load (0.7ms)[0m  SELECT "profils".* FROM "profils"
  Rendered profils/index.html.erb within layouts/application (2.4ms)
Completed 200 OK in 11ms (Views: 9.9ms | ActiveRecord: 0.7ms)


Started GET "/assets/profils.css?body=1" for 127.0.0.1 at 2013-10-08 17:45:06 +0200


Started GET "/assets/offres.css?body=1" for 127.0.0.1 at 2013-10-08 17:45:06 +0200


Started GET "/assets/welcome.css?body=1" for 127.0.0.1 at 2013-10-08 17:45:06 +0200


Started GET "/assets/application.css?body=1" for 127.0.0.1 at 2013-10-08 17:45:06 +0200


Started GET "/assets/sceen.css?body=1" for 127.0.0.1 at 2013-10-08 17:45:06 +0200


Started GET "/assets/jquery.js?body=1" for 127.0.0.1 at 2013-10-08 17:45:06 +0200


Started GET "/assets/profils.js?body=1" for 127.0.0.1 at 2013-10-08 17:45:06 +0200


Started GET "/assets/jquery_ujs.js?body=1" for 127.0.0.1 at 2013-10-08 17:45:06 +0200


Started GET "/assets/welcome.js?body=1" for 127.0.0.1 at 2013-10-08 17:45:06 +0200


Started GET "/assets/offres.js?body=1" for 127.0.0.1 at 2013-10-08 17:45:06 +0200


Started GET "/assets/application.js?body=1" for 127.0.0.1 at 2013-10-08 17:45:06 +0200


Started GET "/assets/turbolinks.js?body=1" for 127.0.0.1 at 2013-10-08 17:45:06 +0200


Started GET "/profils" for 127.0.0.1 at 2013-10-08 17:45:18 +0200
Processing by ProfilsController#index as HTML
  [1m[36mProfil Load (0.6ms)[0m  [1mSELECT "profils".* FROM "profils"[0m
  Rendered profils/index.html.erb within layouts/application (1.6ms)
Completed 200 OK in 9ms (Views: 6.6ms | ActiveRecord: 0.6ms)


Started GET "/assets/application.css?body=1" for 127.0.0.1 at 2013-10-08 17:45:18 +0200


Started GET "/assets/offres.css?body=1" for 127.0.0.1 at 2013-10-08 17:45:18 +0200


Started GET "/assets/welcome.css?body=1" for 127.0.0.1 at 2013-10-08 17:45:18 +0200


Started GET "/assets/profils.css?body=1" for 127.0.0.1 at 2013-10-08 17:45:18 +0200


Started GET "/assets/sceen.css?body=1" for 127.0.0.1 at 2013-10-08 17:45:18 +0200


Started GET "/assets/jquery.js?body=1" for 127.0.0.1 at 2013-10-08 17:45:18 +0200


Started GET "/assets/jquery_ujs.js?body=1" for 127.0.0.1 at 2013-10-08 17:45:18 +0200


Started GET "/assets/turbolinks.js?body=1" for 127.0.0.1 at 2013-10-08 17:45:18 +0200


Started GET "/assets/offres.js?body=1" for 127.0.0.1 at 2013-10-08 17:45:18 +0200


Started GET "/assets/profils.js?body=1" for 127.0.0.1 at 2013-10-08 17:45:18 +0200


Started GET "/assets/welcome.js?body=1" for 127.0.0.1 at 2013-10-08 17:45:18 +0200


Started GET "/assets/application.js?body=1" for 127.0.0.1 at 2013-10-08 17:45:18 +0200


Started GET "/" for 127.0.0.1 at 2013-10-08 17:45:40 +0200
Processing by WelcomeController#index as HTML
  Rendered welcome/index.html.erb within layouts/application (0.5ms)
Completed 200 OK in 24ms (Views: 23.3ms | ActiveRecord: 0.0ms)


Started GET "/assets/offres.css?body=1" for 127.0.0.1 at 2013-10-08 17:45:40 +0200


Started GET "/assets/profils.css?body=1" for 127.0.0.1 at 2013-10-08 17:45:40 +0200


Started GET "/assets/application.css?body=1" for 127.0.0.1 at 2013-10-08 17:45:40 +0200


Started GET "/assets/sceen.css?body=1" for 127.0.0.1 at 2013-10-08 17:45:40 +0200


Started GET "/assets/jquery.js?body=1" for 127.0.0.1 at 2013-10-08 17:45:40 +0200


Started GET "/assets/welcome.css?body=1" for 127.0.0.1 at 2013-10-08 17:45:40 +0200


Started GET "/assets/jquery_ujs.js?body=1" for 127.0.0.1 at 2013-10-08 17:45:40 +0200


Started GET "/assets/turbolinks.js?body=1" for 127.0.0.1 at 2013-10-08 17:45:40 +0200


Started GET "/assets/offres.js?body=1" for 127.0.0.1 at 2013-10-08 17:45:40 +0200


Started GET "/assets/profils.js?body=1" for 127.0.0.1 at 2013-10-08 17:45:40 +0200


Started GET "/assets/welcome.js?body=1" for 127.0.0.1 at 2013-10-08 17:45:40 +0200


Started GET "/assets/application.js?body=1" for 127.0.0.1 at 2013-10-08 17:45:40 +0200


Started GET "/" for 127.0.0.1 at 2013-10-08 17:46:41 +0200
Processing by WelcomeController#index as HTML
  Rendered welcome/index.html.erb within layouts/application (0.3ms)
Completed 200 OK in 69ms (Views: 68.6ms | ActiveRecord: 0.0ms)


Started GET "/assets/application.css?body=1" for 127.0.0.1 at 2013-10-08 17:46:41 +0200


Started GET "/assets/offres.css?body=1" for 127.0.0.1 at 2013-10-08 17:46:41 +0200


Started GET "/assets/sceen.css?body=1" for 127.0.0.1 at 2013-10-08 17:46:41 +0200


Started GET "/assets/welcome.css?body=1" for 127.0.0.1 at 2013-10-08 17:46:41 +0200


Started GET "/assets/profils.css?body=1" for 127.0.0.1 at 2013-10-08 17:46:41 +0200


Started GET "/assets/jquery_ujs.js?body=1" for 127.0.0.1 at 2013-10-08 17:46:41 +0200


Started GET "/assets/jquery.js?body=1" for 127.0.0.1 at 2013-10-08 17:46:41 +0200


Started GET "/assets/turbolinks.js?body=1" for 127.0.0.1 at 2013-10-08 17:46:41 +0200


Started GET "/assets/offres.js?body=1" for 127.0.0.1 at 2013-10-08 17:46:41 +0200


Started GET "/assets/profils.js?body=1" for 127.0.0.1 at 2013-10-08 17:46:41 +0200


Started GET "/assets/welcome.js?body=1" for 127.0.0.1 at 2013-10-08 17:46:41 +0200


Started GET "/assets/application.js?body=1" for 127.0.0.1 at 2013-10-08 17:46:41 +0200


Started GET "/" for 127.0.0.1 at 2013-10-08 17:46:42 +0200
Processing by WelcomeController#index as HTML
  Rendered welcome/index.html.erb within layouts/application (0.5ms)
Completed 200 OK in 10ms (Views: 8.9ms | ActiveRecord: 0.0ms)


Started GET "/assets/application.css?body=1" for 127.0.0.1 at 2013-10-08 17:46:43 +0200


Started GET "/assets/profils.css?body=1" for 127.0.0.1 at 2013-10-08 17:46:43 +0200


Started GET "/assets/welcome.css?body=1" for 127.0.0.1 at 2013-10-08 17:46:43 +0200


Started GET "/assets/sceen.css?body=1" for 127.0.0.1 at 2013-10-08 17:46:43 +0200


Started GET "/assets/offres.css?body=1" for 127.0.0.1 at 2013-10-08 17:46:43 +0200


Started GET "/assets/jquery_ujs.js?body=1" for 127.0.0.1 at 2013-10-08 17:46:43 +0200


Started GET "/assets/jquery.js?body=1" for 127.0.0.1 at 2013-10-08 17:46:43 +0200


Started GET "/assets/turbolinks.js?body=1" for 127.0.0.1 at 2013-10-08 17:46:43 +0200


Started GET "/assets/profils.js?body=1" for 127.0.0.1 at 2013-10-08 17:46:43 +0200


Started GET "/assets/offres.js?body=1" for 127.0.0.1 at 2013-10-08 17:46:43 +0200


Started GET "/assets/welcome.js?body=1" for 127.0.0.1 at 2013-10-08 17:46:43 +0200


Started GET "/assets/application.js?body=1" for 127.0.0.1 at 2013-10-08 17:46:43 +0200


Started GET "/" for 127.0.0.1 at 2013-10-08 17:46:44 +0200
Processing by WelcomeController#index as HTML
  Rendered welcome/index.html.erb within layouts/application (0.2ms)
Completed 200 OK in 5ms (Views: 4.8ms | ActiveRecord: 0.0ms)


Started GET "/assets/offres.css?body=1" for 127.0.0.1 at 2013-10-08 17:46:44 +0200


Started GET "/assets/sceen.css?body=1" for 127.0.0.1 at 2013-10-08 17:46:44 +0200


Started GET "/assets/application.css?body=1" for 127.0.0.1 at 2013-10-08 17:46:44 +0200


Started GET "/assets/profils.css?body=1" for 127.0.0.1 at 2013-10-08 17:46:44 +0200


Started GET "/assets/welcome.css?body=1" for 127.0.0.1 at 2013-10-08 17:46:44 +0200


Started GET "/assets/jquery.js?body=1" for 127.0.0.1 at 2013-10-08 17:46:44 +0200


Started GET "/assets/jquery_ujs.js?body=1" for 127.0.0.1 at 2013-10-08 17:46:44 +0200


Started GET "/assets/turbolinks.js?body=1" for 127.0.0.1 at 2013-10-08 17:46:44 +0200


Started GET "/assets/offres.js?body=1" for 127.0.0.1 at 2013-10-08 17:46:44 +0200


Started GET "/assets/profils.js?body=1" for 127.0.0.1 at 2013-10-08 17:46:44 +0200


Started GET "/assets/welcome.js?body=1" for 127.0.0.1 at 2013-10-08 17:46:44 +0200


Started GET "/assets/application.js?body=1" for 127.0.0.1 at 2013-10-08 17:46:44 +0200


Started GET "/" for 127.0.0.1 at 2013-10-08 17:46:45 +0200
Processing by WelcomeController#index as HTML
  Rendered welcome/index.html.erb within layouts/application (0.3ms)
Completed 200 OK in 9ms (Views: 8.3ms | ActiveRecord: 0.0ms)


Started GET "/assets/application.css?body=1" for 127.0.0.1 at 2013-10-08 17:46:45 +0200


Started GET "/assets/offres.css?body=1" for 127.0.0.1 at 2013-10-08 17:46:45 +0200


Started GET "/assets/jquery.js?body=1" for 127.0.0.1 at 2013-10-08 17:46:45 +0200


Started GET "/assets/profils.css?body=1" for 127.0.0.1 at 2013-10-08 17:46:45 +0200


Started GET "/assets/welcome.css?body=1" for 127.0.0.1 at 2013-10-08 17:46:45 +0200


Started GET "/assets/sceen.css?body=1" for 127.0.0.1 at 2013-10-08 17:46:45 +0200


Started GET "/assets/jquery_ujs.js?body=1" for 127.0.0.1 at 2013-10-08 17:46:45 +0200


Started GET "/assets/turbolinks.js?body=1" for 127.0.0.1 at 2013-10-08 17:46:45 +0200


Started GET "/assets/offres.js?body=1" for 127.0.0.1 at 2013-10-08 17:46:45 +0200


Started GET "/assets/profils.js?body=1" for 127.0.0.1 at 2013-10-08 17:46:45 +0200


Started GET "/assets/welcome.js?body=1" for 127.0.0.1 at 2013-10-08 17:46:45 +0200


Started GET "/assets/application.js?body=1" for 127.0.0.1 at 2013-10-08 17:46:45 +0200


Started GET "/profils" for 127.0.0.1 at 2013-10-08 17:46:47 +0200
Processing by ProfilsController#index as HTML
  [1m[35mProfil Load (0.9ms)[0m  SELECT "profils".* FROM "profils"
  Rendered profils/index.html.erb within layouts/application (2.5ms)
Completed 200 OK in 14ms (Views: 11.9ms | ActiveRecord: 0.9ms)


Started GET "/profils" for 127.0.0.1 at 2013-10-08 17:47:10 +0200
Processing by ProfilsController#index as HTML
  [1m[36mProfil Load (0.9ms)[0m  [1mSELECT "profils".* FROM "profils"[0m
  Rendered profils/index.html.erb within layouts/application (2.8ms)
Completed 200 OK in 13ms (Views: 11.2ms | ActiveRecord: 0.9ms)


Started GET "/assets/sceen.css?body=1" for 127.0.0.1 at 2013-10-08 17:47:10 +0200


Started GET "/assets/application.css?body=1" for 127.0.0.1 at 2013-10-08 17:47:10 +0200


Started GET "/assets/profils.css?body=1" for 127.0.0.1 at 2013-10-08 17:47:10 +0200


Started GET "/assets/jquery.js?body=1" for 127.0.0.1 at 2013-10-08 17:47:10 +0200


Started GET "/assets/welcome.css?body=1" for 127.0.0.1 at 2013-10-08 17:47:10 +0200


Started GET "/assets/offres.css?body=1" for 127.0.0.1 at 2013-10-08 17:47:10 +0200


Started GET "/assets/jquery_ujs.js?body=1" for 127.0.0.1 at 2013-10-08 17:47:10 +0200


Started GET "/assets/turbolinks.js?body=1" for 127.0.0.1 at 2013-10-08 17:47:10 +0200


Started GET "/assets/offres.js?body=1" for 127.0.0.1 at 2013-10-08 17:47:10 +0200


Started GET "/assets/profils.js?body=1" for 127.0.0.1 at 2013-10-08 17:47:10 +0200


Started GET "/assets/welcome.js?body=1" for 127.0.0.1 at 2013-10-08 17:47:10 +0200


Started GET "/assets/application.js?body=1" for 127.0.0.1 at 2013-10-08 17:47:10 +0200


Started GET "/profils" for 127.0.0.1 at 2013-10-08 17:48:09 +0200
Processing by ProfilsController#index as HTML
  [1m[35mProfil Load (0.7ms)[0m  SELECT "profils".* FROM "profils"
  Rendered profils/index.html.erb within layouts/application (1.7ms)
Completed 200 OK in 72ms (Views: 70.2ms | ActiveRecord: 0.7ms)


Started GET "/assets/application.css?body=1" for 127.0.0.1 at 2013-10-08 17:48:09 +0200


Started GET "/assets/offres.css?body=1" for 127.0.0.1 at 2013-10-08 17:48:09 +0200


Started GET "/assets/profils.css?body=1" for 127.0.0.1 at 2013-10-08 17:48:09 +0200


Started GET "/assets/sceen.css?body=1" for 127.0.0.1 at 2013-10-08 17:48:09 +0200


Started GET "/assets/jquery.js?body=1" for 127.0.0.1 at 2013-10-08 17:48:09 +0200


Started GET "/assets/welcome.css?body=1" for 127.0.0.1 at 2013-10-08 17:48:09 +0200


Started GET "/assets/jquery_ujs.js?body=1" for 127.0.0.1 at 2013-10-08 17:48:09 +0200


Started GET "/assets/offres.js?body=1" for 127.0.0.1 at 2013-10-08 17:48:09 +0200


Started GET "/assets/turbolinks.js?body=1" for 127.0.0.1 at 2013-10-08 17:48:09 +0200


Started GET "/assets/welcome.js?body=1" for 127.0.0.1 at 2013-10-08 17:48:09 +0200


Started GET "/assets/profils.js?body=1" for 127.0.0.1 at 2013-10-08 17:48:09 +0200


Started GET "/assets/application.js?body=1" for 127.0.0.1 at 2013-10-08 17:48:09 +0200


Started GET "/profils" for 127.0.0.1 at 2013-10-08 17:48:11 +0200
Processing by ProfilsController#index as HTML
  [1m[36mProfil Load (0.6ms)[0m  [1mSELECT "profils".* FROM "profils"[0m
  Rendered profils/index.html.erb within layouts/application (1.5ms)
Completed 200 OK in 7ms (Views: 5.5ms | ActiveRecord: 0.6ms)


Started GET "/assets/application.css?body=1" for 127.0.0.1 at 2013-10-08 17:48:11 +0200


Started GET "/assets/offres.css?body=1" for 127.0.0.1 at 2013-10-08 17:48:11 +0200


Started GET "/assets/profils.css?body=1" for 127.0.0.1 at 2013-10-08 17:48:11 +0200


Started GET "/assets/welcome.css?body=1" for 127.0.0.1 at 2013-10-08 17:48:11 +0200


Started GET "/assets/jquery_ujs.js?body=1" for 127.0.0.1 at 2013-10-08 17:48:11 +0200


Started GET "/assets/jquery.js?body=1" for 127.0.0.1 at 2013-10-08 17:48:11 +0200


Started GET "/assets/sceen.css?body=1" for 127.0.0.1 at 2013-10-08 17:48:11 +0200


Started GET "/assets/turbolinks.js?body=1" for 127.0.0.1 at 2013-10-08 17:48:11 +0200


Started GET "/assets/offres.js?body=1" for 127.0.0.1 at 2013-10-08 17:48:11 +0200


Started GET "/assets/profils.js?body=1" for 127.0.0.1 at 2013-10-08 17:48:11 +0200


Started GET "/assets/welcome.js?body=1" for 127.0.0.1 at 2013-10-08 17:48:11 +0200


Started GET "/assets/application.js?body=1" for 127.0.0.1 at 2013-10-08 17:48:11 +0200


Started GET "/profils" for 127.0.0.1 at 2013-10-08 17:48:15 +0200
Processing by ProfilsController#index as HTML
  [1m[35mProfil Load (0.6ms)[0m  SELECT "profils".* FROM "profils"
  Rendered profils/index.html.erb within layouts/application (1.6ms)
Completed 200 OK in 9ms (Views: 6.9ms | ActiveRecord: 0.6ms)


Started GET "/assets/offres.css?body=1" for 127.0.0.1 at 2013-10-08 17:48:15 +0200


Started GET "/assets/application.css?body=1" for 127.0.0.1 at 2013-10-08 17:48:15 +0200


Started GET "/assets/profils.css?body=1" for 127.0.0.1 at 2013-10-08 17:48:15 +0200


Started GET "/assets/sceen.css?body=1" for 127.0.0.1 at 2013-10-08 17:48:15 +0200


Started GET "/assets/welcome.css?body=1" for 127.0.0.1 at 2013-10-08 17:48:15 +0200


Started GET "/assets/jquery.js?body=1" for 127.0.0.1 at 2013-10-08 17:48:15 +0200


Started GET "/assets/jquery_ujs.js?body=1" for 127.0.0.1 at 2013-10-08 17:48:15 +0200


Started GET "/assets/turbolinks.js?body=1" for 127.0.0.1 at 2013-10-08 17:48:15 +0200


Started GET "/assets/offres.js?body=1" for 127.0.0.1 at 2013-10-08 17:48:15 +0200


Started GET "/assets/profils.js?body=1" for 127.0.0.1 at 2013-10-08 17:48:15 +0200


Started GET "/assets/welcome.js?body=1" for 127.0.0.1 at 2013-10-08 17:48:15 +0200


Started GET "/assets/application.js?body=1" for 127.0.0.1 at 2013-10-08 17:48:15 +0200


Started GET "/profils" for 127.0.0.1 at 2013-10-08 17:48:16 +0200
Processing by ProfilsController#index as HTML
  [1m[36mProfil Load (0.6ms)[0m  [1mSELECT "profils".* FROM "profils"[0m
  Rendered profils/index.html.erb within layouts/application (1.6ms)
Completed 200 OK in 10ms (Views: 8.9ms | ActiveRecord: 0.6ms)


Started GET "/assets/application.css?body=1" for 127.0.0.1 at 2013-10-08 17:48:16 +0200


Started GET "/assets/offres.css?body=1" for 127.0.0.1 at 2013-10-08 17:48:16 +0200


Started GET "/assets/jquery.js?body=1" for 127.0.0.1 at 2013-10-08 17:48:16 +0200


Started GET "/assets/welcome.css?body=1" for 127.0.0.1 at 2013-10-08 17:48:16 +0200


Started GET "/assets/sceen.css?body=1" for 127.0.0.1 at 2013-10-08 17:48:16 +0200


Started GET "/assets/profils.css?body=1" for 127.0.0.1 at 2013-10-08 17:48:16 +0200


Started GET "/assets/jquery_ujs.js?body=1" for 127.0.0.1 at 2013-10-08 17:48:16 +0200


Started GET "/assets/turbolinks.js?body=1" for 127.0.0.1 at 2013-10-08 17:48:16 +0200


Started GET "/assets/offres.js?body=1" for 127.0.0.1 at 2013-10-08 17:48:16 +0200


Started GET "/assets/profils.js?body=1" for 127.0.0.1 at 2013-10-08 17:48:16 +0200


Started GET "/assets/welcome.js?body=1" for 127.0.0.1 at 2013-10-08 17:48:16 +0200


Started GET "/assets/application.js?body=1" for 127.0.0.1 at 2013-10-08 17:48:16 +0200


Started GET "/" for 127.0.0.1 at 2013-10-08 17:48:22 +0200
Processing by WelcomeController#index as HTML
  Rendered welcome/index.html.erb within layouts/application (0.2ms)
Completed 200 OK in 6ms (Views: 5.0ms | ActiveRecord: 0.0ms)


Started GET "/assets/application.css?body=1" for 127.0.0.1 at 2013-10-08 17:48:23 +0200


Started GET "/assets/profils.css?body=1" for 127.0.0.1 at 2013-10-08 17:48:23 +0200


Started GET "/assets/sceen.css?body=1" for 127.0.0.1 at 2013-10-08 17:48:23 +0200


Started GET "/assets/offres.css?body=1" for 127.0.0.1 at 2013-10-08 17:48:23 +0200


Started GET "/assets/welcome.css?body=1" for 127.0.0.1 at 2013-10-08 17:48:23 +0200


Started GET "/assets/jquery.js?body=1" for 127.0.0.1 at 2013-10-08 17:48:23 +0200


Started GET "/assets/jquery_ujs.js?body=1" for 127.0.0.1 at 2013-10-08 17:48:23 +0200


Started GET "/assets/turbolinks.js?body=1" for 127.0.0.1 at 2013-10-08 17:48:23 +0200


Started GET "/assets/offres.js?body=1" for 127.0.0.1 at 2013-10-08 17:48:23 +0200


Started GET "/assets/welcome.js?body=1" for 127.0.0.1 at 2013-10-08 17:48:23 +0200


Started GET "/assets/profils.js?body=1" for 127.0.0.1 at 2013-10-08 17:48:23 +0200


Started GET "/assets/application.js?body=1" for 127.0.0.1 at 2013-10-08 17:48:23 +0200


Started GET "/" for 127.0.0.1 at 2013-10-08 17:49:03 +0200
Processing by WelcomeController#index as HTML
  Rendered welcome/index.html.erb within layouts/application (0.3ms)
Completed 200 OK in 56ms (Views: 55.2ms | ActiveRecord: 0.0ms)


Started GET "/assets/application.css?body=1" for 127.0.0.1 at 2013-10-08 17:49:04 +0200


Started GET "/assets/offres.css?body=1" for 127.0.0.1 at 2013-10-08 17:49:04 +0200


Started GET "/assets/jquery_ujs.js?body=1" for 127.0.0.1 at 2013-10-08 17:49:04 +0200


Started GET "/assets/sceen.css?body=1" for 127.0.0.1 at 2013-10-08 17:49:04 +0200


Started GET "/assets/welcome.css?body=1" for 127.0.0.1 at 2013-10-08 17:49:04 +0200


Started GET "/assets/profils.css?body=1" for 127.0.0.1 at 2013-10-08 17:49:04 +0200


Started GET "/assets/jquery.js?body=1" for 127.0.0.1 at 2013-10-08 17:49:04 +0200


Started GET "/assets/turbolinks.js?body=1" for 127.0.0.1 at 2013-10-08 17:49:04 +0200


Started GET "/assets/offres.js?body=1" for 127.0.0.1 at 2013-10-08 17:49:04 +0200


Started GET "/assets/profils.js?body=1" for 127.0.0.1 at 2013-10-08 17:49:04 +0200


Started GET "/assets/welcome.js?body=1" for 127.0.0.1 at 2013-10-08 17:49:04 +0200


Started GET "/assets/application.js?body=1" for 127.0.0.1 at 2013-10-08 17:49:04 +0200


Started GET "/" for 127.0.0.1 at 2013-10-08 17:49:26 +0200
Processing by WelcomeController#index as HTML
  Rendered welcome/index.html.erb within layouts/application (0.3ms)
Completed 200 OK in 9ms (Views: 7.7ms | ActiveRecord: 0.0ms)


Started GET "/assets/offres.css?body=1" for 127.0.0.1 at 2013-10-08 17:49:27 +0200


Started GET "/assets/profils.css?body=1" for 127.0.0.1 at 2013-10-08 17:49:27 +0200


Started GET "/assets/sceen.css?body=1" for 127.0.0.1 at 2013-10-08 17:49:27 +0200


Started GET "/assets/welcome.css?body=1" for 127.0.0.1 at 2013-10-08 17:49:27 +0200


Started GET "/assets/jquery.js?body=1" for 127.0.0.1 at 2013-10-08 17:49:27 +0200


Started GET "/assets/application.css?body=1" for 127.0.0.1 at 2013-10-08 17:49:27 +0200


Started GET "/assets/jquery_ujs.js?body=1" for 127.0.0.1 at 2013-10-08 17:49:27 +0200


Started GET "/assets/turbolinks.js?body=1" for 127.0.0.1 at 2013-10-08 17:49:27 +0200


Started GET "/assets/offres.js?body=1" for 127.0.0.1 at 2013-10-08 17:49:27 +0200


Started GET "/assets/profils.js?body=1" for 127.0.0.1 at 2013-10-08 17:49:27 +0200


Started GET "/assets/welcome.js?body=1" for 127.0.0.1 at 2013-10-08 17:49:27 +0200


Started GET "/assets/application.js?body=1" for 127.0.0.1 at 2013-10-08 17:49:27 +0200


Started GET "/" for 127.0.0.1 at 2013-10-08 17:49:28 +0200
Processing by WelcomeController#index as HTML
  Rendered welcome/index.html.erb within layouts/application (0.4ms)
Completed 200 OK in 11ms (Views: 9.9ms | ActiveRecord: 0.0ms)


Started GET "/assets/application.css?body=1" for 127.0.0.1 at 2013-10-08 17:49:28 +0200


Started GET "/assets/profils.css?body=1" for 127.0.0.1 at 2013-10-08 17:49:28 +0200


Started GET "/assets/jquery.js?body=1" for 127.0.0.1 at 2013-10-08 17:49:28 +0200


Started GET "/assets/offres.css?body=1" for 127.0.0.1 at 2013-10-08 17:49:28 +0200


Started GET "/assets/sceen.css?body=1" for 127.0.0.1 at 2013-10-08 17:49:28 +0200


Started GET "/assets/welcome.css?body=1" for 127.0.0.1 at 2013-10-08 17:49:28 +0200


Started GET "/assets/jquery_ujs.js?body=1" for 127.0.0.1 at 2013-10-08 17:49:28 +0200


Started GET "/assets/turbolinks.js?body=1" for 127.0.0.1 at 2013-10-08 17:49:28 +0200


Started GET "/assets/offres.js?body=1" for 127.0.0.1 at 2013-10-08 17:49:28 +0200


Started GET "/assets/profils.js?body=1" for 127.0.0.1 at 2013-10-08 17:49:28 +0200


Started GET "/assets/welcome.js?body=1" for 127.0.0.1 at 2013-10-08 17:49:28 +0200


Started GET "/assets/application.js?body=1" for 127.0.0.1 at 2013-10-08 17:49:28 +0200


Started GET "/" for 127.0.0.1 at 2013-10-08 17:49:40 +0200
Processing by WelcomeController#index as HTML
  Rendered welcome/index.html.erb within layouts/application (0.5ms)
Completed 200 OK in 24ms (Views: 23.0ms | ActiveRecord: 0.0ms)


Started GET "/assets/application.css?body=1" for 127.0.0.1 at 2013-10-08 17:49:40 +0200


Started GET "/assets/jquery.js?body=1" for 127.0.0.1 at 2013-10-08 17:49:40 +0200


Started GET "/assets/profils.css?body=1" for 127.0.0.1 at 2013-10-08 17:49:40 +0200


Started GET "/assets/offres.css?body=1" for 127.0.0.1 at 2013-10-08 17:49:40 +0200


Started GET "/assets/welcome.css?body=1" for 127.0.0.1 at 2013-10-08 17:49:40 +0200


Started GET "/assets/sceen.css?body=1" for 127.0.0.1 at 2013-10-08 17:49:40 +0200


Started GET "/assets/jquery_ujs.js?body=1" for 127.0.0.1 at 2013-10-08 17:49:40 +0200


Started GET "/assets/turbolinks.js?body=1" for 127.0.0.1 at 2013-10-08 17:49:40 +0200


Started GET "/assets/offres.js?body=1" for 127.0.0.1 at 2013-10-08 17:49:40 +0200


Started GET "/assets/profils.js?body=1" for 127.0.0.1 at 2013-10-08 17:49:40 +0200


Started GET "/assets/welcome.js?body=1" for 127.0.0.1 at 2013-10-08 17:49:40 +0200


Started GET "/assets/application.js?body=1" for 127.0.0.1 at 2013-10-08 17:49:40 +0200


Started GET "/" for 127.0.0.1 at 2013-10-08 17:50:18 +0200
Processing by WelcomeController#index as HTML
  Rendered welcome/index.html.erb within layouts/application (0.4ms)
Completed 200 OK in 71ms (Views: 70.2ms | ActiveRecord: 0.0ms)


Started GET "/assets/application.css?body=1" for 127.0.0.1 at 2013-10-08 17:50:18 +0200


Started GET "/assets/profils.css?body=1" for 127.0.0.1 at 2013-10-08 17:50:18 +0200


Started GET "/assets/sceen.css?body=1" for 127.0.0.1 at 2013-10-08 17:50:18 +0200


Started GET "/assets/offres.css?body=1" for 127.0.0.1 at 2013-10-08 17:50:18 +0200


Started GET "/assets/welcome.css?body=1" for 127.0.0.1 at 2013-10-08 17:50:18 +0200


Started GET "/assets/jquery.js?body=1" for 127.0.0.1 at 2013-10-08 17:50:18 +0200


Started GET "/assets/jquery_ujs.js?body=1" for 127.0.0.1 at 2013-10-08 17:50:18 +0200


Started GET "/assets/turbolinks.js?body=1" for 127.0.0.1 at 2013-10-08 17:50:18 +0200


Started GET "/assets/offres.js?body=1" for 127.0.0.1 at 2013-10-08 17:50:18 +0200


Started GET "/assets/profils.js?body=1" for 127.0.0.1 at 2013-10-08 17:50:18 +0200


Started GET "/assets/welcome.js?body=1" for 127.0.0.1 at 2013-10-08 17:50:18 +0200


Started GET "/assets/application.js?body=1" for 127.0.0.1 at 2013-10-08 17:50:18 +0200


Started GET "/" for 127.0.0.1 at 2013-10-08 17:50:36 +0200
Processing by WelcomeController#index as HTML
  Rendered welcome/index.html.erb within layouts/application (0.4ms)
Completed 200 OK in 24ms (Views: 23.2ms | ActiveRecord: 0.0ms)


Started GET "/assets/application.css?body=1" for 127.0.0.1 at 2013-10-08 17:50:36 +0200


Started GET "/assets/sceen.css?body=1" for 127.0.0.1 at 2013-10-08 17:50:36 +0200


Started GET "/assets/offres.css?body=1" for 127.0.0.1 at 2013-10-08 17:50:36 +0200


Started GET "/assets/jquery.js?body=1" for 127.0.0.1 at 2013-10-08 17:50:36 +0200


Started GET "/assets/welcome.css?body=1" for 127.0.0.1 at 2013-10-08 17:50:36 +0200


Started GET "/assets/profils.css?body=1" for 127.0.0.1 at 2013-10-08 17:50:36 +0200


Started GET "/assets/jquery_ujs.js?body=1" for 127.0.0.1 at 2013-10-08 17:50:36 +0200


Started GET "/assets/application.js?body=1" for 127.0.0.1 at 2013-10-08 17:50:36 +0200


Started GET "/assets/turbolinks.js?body=1" for 127.0.0.1 at 2013-10-08 17:50:36 +0200


Started GET "/assets/profils.js?body=1" for 127.0.0.1 at 2013-10-08 17:50:36 +0200


Started GET "/assets/welcome.js?body=1" for 127.0.0.1 at 2013-10-08 17:50:36 +0200


Started GET "/assets/offres.js?body=1" for 127.0.0.1 at 2013-10-08 17:50:36 +0200


Started GET "/profils" for 127.0.0.1 at 2013-10-08 17:50:46 +0200
Processing by ProfilsController#index as HTML
  [1m[35mProfil Load (0.7ms)[0m  SELECT "profils".* FROM "profils"
  Rendered profils/index.html.erb within layouts/application (1.6ms)
Completed 200 OK in 7ms (Views: 5.9ms | ActiveRecord: 0.7ms)
